autoscan: warning: missing AC_CHECK_FUNCS([setenv]) wanted by: 
	src/lib/replace.h:199
autoscan: warning: missing AC_CHECK_HEADERS([stddef.h]) wanted by: 
	src/lib/replace.h:121
autoscan: warning: missing AC_STRUCT_TM wanted by: 
	src/lib/replace.h:400
	src/lib/replace.h:401
	src/lib/replace.h:401
autoscan: warning: missing AC_TYPE_OFF_T wanted by: 
	src/lib/setproctitle.cpp:203
	src/lib/setproctitle.cpp:242
	src/lib/setproctitle.cpp:242
	src/lib/setproctitle.cpp:243
	src/lib/replace.h:288
	src/lib/replace.h:436
	src/lib/replace.h:444
autoscan: warning: missing AC_TYPE_SIZE_T wanted by: 
	src/gate/Listener.cpp:23
	src/include/socket_api.h:49
	src/include/socket_api.h:51
	src/include/socket_api.h:53
	src/include/socket_api.h:54
	src/include/socket_api.h:56
	src/include/socket_api.h:57
	src/include/socket_api.h:61
	src/include/socket_api.h:64
	src/include/utils.h:60
	src/lib/socket_api.cpp:82
	src/lib/socket_api.cpp:90
	src/lib/socket_api.cpp:99
	src/lib/socket_api.cpp:112
	src/lib/socket_api.cpp:113
	src/lib/socket_api.cpp:134
	src/lib/socket_api.cpp:142
	src/lib/socket_api.cpp:143
	src/lib/socket_api.cpp:169
	src/lib/socket_api.cpp:183
	src/lib/utils.cpp:186
	src/lib/replace.h:165
	src/lib/replace.h:165
	src/lib/replace.h:170
	src/lib/replace.h:170
	src/lib/replace.h:176
	src/lib/replace.h:182
	src/lib/replace.h:182
	src/lib/replace.h:243
	src/lib/replace.h:356
	src/lib/replace.h:361
	src/lib/replace.h:436
	src/lib/replace.h:444
	src/lib/sav/getifaddrs.cpp:98
	src/lib/sav/getifaddrs.cpp:119
	src/lib/sav/getifaddrs.cpp:266
	src/lib/sav/getifaddrs.cpp:272
	src/relay/udtrelay.cpp:46
	src/relay/udtrelay.cpp:701
	src/relay/udtrelay.cpp:890
autoscan: warning: missing AC_TYPE_SSIZE_T wanted by: 
	src/lib/socket_api.cpp:114
	src/lib/socket_api.cpp:144
	src/lib/replace.h:243
	src/lib/replace.h:436
	src/lib/replace.h:444
autoscan: warning: missing AC_TYPE_UID_T wanted by: 
	src/lib/replace.h:215
	src/lib/replace.h:223
	src/lib/replace.h:223
	src/lib/replace.h:223
	src/lib/replace.h:228
	src/lib/replace.h:258
	src/lib/replace.h:293
	src/lib/replace.h:210
	src/lib/replace.h:220
	src/lib/replace.h:220
	src/lib/replace.h:220
	src/lib/replace.h:228
	src/lib/replace.h:258
autoscan: warning: missing AC_TYPE_UINT16_T wanted by: 
	src/include/udtgate.h:59
	src/include/udtgate.h:60
autoscan: warning: missing AC_TYPE_UINT32_T wanted by: 
	src/gate/Peer.cpp:167
	src/gate/Peer.h:86
	src/gate/Route.cpp:6
	src/gate/Route.cpp:43
	src/gate/Route.cpp:43
	src/gate/Route.cpp:46
	src/gate/Route.cpp:49
	src/gate/Route.cpp:49
	src/gate/Route.cpp:60
	src/gate/Route.cpp:61
	src/gate/Route.cpp:64
	src/gate/Route.h:14
	src/gate/Route.h:15
	src/gate/Route.h:17
	src/gate/Route.h:17
	src/gate/Route.h:18
	src/gate/Route.h:21
	src/gate/Route.h:21
	src/gate/Route.h:22
	src/gate/Route.h:23
	src/gate/RouteTable.cpp:14
	src/gate/RouteTable.h:13
	src/gate/protocol.h:10
	src/gate/protocol.h:19
	src/gate/protocol.h:20
	src/gate/protocol.h:21
	src/gate/protocol.h:22
	src/gate/protocol.h:23
	src/gate/protocol.h:24
	src/include/udtgate.h:50
	src/include/udtgate.h:51
autoscan: warning: missing AC_TYPE_UINT64_T wanted by: 
	src/include/cc.h:311
	src/include/cc.h:362
	src/include/cc.h:406
	src/include/cc.h:407
	src/include/cc.h:453
	src/include/cc.h:516
	src/include/cc.h:517
autoscan: warning: missing AC_TYPE_UINT8_T wanted by: 
	src/gate/Route.cpp:21
	src/gate/Route.cpp:34
	src/gate/Route.cpp:46
	src/gate/Route.cpp:60
	src/gate/Route.h:16
	src/gate/Route.h:18
	src/gate/Route.h:22
